<?xml version="1.0" encoding="UTF-8"?>
<!-- Generated by org.testng.reporters.JUnitReportReporter -->
<testsuite hostname="Mac.lan" failures="0" tests="1" name="StepDefinitions.TestChrome" time="12.145" errors="0" timestamp="2024-12-31T03:20:33 EST" skipped="0">
  <testcase classname="StepDefinitions.TestChrome" name="SearchGoogle" time="12.145"/>
</testsuite> <!-- StepDefinitions.TestChrome -->
